<?xml version="1.0" encoding="UTF-8"?>
<testng-results skipped="0" failed="0" ignored="0" total="1" passed="1">
  <reporter-output>
  </reporter-output>
  <suite name="Default suite" duration-ms="12182" started-at="2018-03-08T05:45:16Z" finished-at="2018-03-08T05:45:29Z">
    <groups>
    </groups>
    <test name="Default test" duration-ms="12182" started-at="2018-03-08T05:45:16Z" finished-at="2018-03-08T05:45:29Z">
      <class name="f1.TestRun">
        <test-method status="PASS" signature="T1()[pri:0, instance:f1.TestRun@4501b7af]" name="T1" duration-ms="11434" started-at="2018-03-08T05:45:16Z" finished-at="2018-03-08T05:45:28Z">
          <reporter-output>
          </reporter-output>
        </test-method> <!-- T1 -->
        <test-method status="PASS" signature="tearOut()[pri:0, instance:f1.TestRun@4501b7af]" name="tearOut" is-config="true" duration-ms="717" started-at="2018-03-08T05:45:28Z" finished-at="2018-03-08T05:45:29Z">
          <reporter-output>
          </reporter-output>
        </test-method> <!-- tearOut -->
      </class> <!-- f1.TestRun -->
    </test> <!-- Default test -->
  </suite> <!-- Default suite -->
</testng-results>
